2025.04.21.18.58.59 INFO  utils.LoggerHandler - click on accept cookies
2025.04.21.18.59.00 INFO  utils.LoggerHandler - Successfully Hover on Brands
2025.04.21.18.59.02 INFO  utils.LoggerHandler - Successfully click on PawPatrol
2025.04.21.18.59.02 INFO  utils.LoggerHandler - verify the url
2025.04.21.18.59.03 INFO  utils.LoggerHandler - Successfully click on Playsets & Action Figures
2025.04.21.18.59.03 INFO  utils.LoggerHandler - Successfully verifed the text Narrow
2025.04.21.18.59.03 INFO  utils.LoggerHandler - Successfully clicked on Savings
2025.04.21.18.59.07 INFO  utils.LoggerHandler - Successfully clicked on Product
2025.04.21.18.59.07 INFO  utils.LoggerHandler - Successfully verifed the text Available
2025.04.21.18.59.07 INFO  utils.LoggerHandler - Successfully Clicked on Add to Basket
2025.04.21.18.59.10 INFO  utils.LoggerHandler - Succesffully Clicked on CheckOut
2025.04.21.18.59.11 INFO  utils.LoggerHandler - Successfully verifed the text Basket
2025.04.21.18.59.25 INFO  utils.LoggerHandler - click on accept cookies
2025.04.21.18.59.28 INFO  utils.LoggerHandler - scroll down to footer
2025.04.21.18.59.30 INFO  utils.LoggerHandler - verify the about us url
2025.04.21.18.59.32 INFO  utils.LoggerHandler - click on store finder
2025.04.21.18.59.34 INFO  utils.LoggerHandler - verify the store finder url
2025.04.21.18.59.36 INFO  utils.LoggerHandler - click on Press
2025.04.21.18.59.38 INFO  utils.LoggerHandler - verify the press url
2025.04.21.18.59.40 INFO  utils.LoggerHandler - click on Affilates
2025.04.21.18.59.41 INFO  utils.LoggerHandler - verify the affilates url
2025.04.21.18.59.44 INFO  utils.LoggerHandler - click on gift card
2025.04.21.18.59.44 INFO  utils.LoggerHandler - verify the gift card url
2025.04.21.18.59.48 INFO  utils.LoggerHandler - click on klarna
2025.04.21.18.59.51 INFO  utils.LoggerHandler - verify the klarna url
2025.04.21.18.59.51 INFO  utils.LoggerHandler - verify the useful links url
