2025.04.21.20.17.43 INFO  utils.LoggerHandler - clicked on accept cookies
2025.04.21.20.17.43 INFO  utils.LoggerHandler - Hover on Explore
2025.04.21.20.17.46 INFO  utils.LoggerHandler - cliked on Explore
2025.04.21.20.17.46 ERROR utils.LoggerHandler - Url contain gift
2025.04.21.20.17.51 INFO  utils.LoggerHandler - Clicked on Offers
2025.04.21.20.17.51 ERROR utils.LoggerHandler - Text contains stores
2025.04.21.20.17.56 INFO  utils.LoggerHandler - Clicked on HappyLand
2025.04.21.20.18.01 INFO  utils.LoggerHandler - Clicked on First Product
2025.04.21.20.18.01 ERROR utils.LoggerHandler - Text contains stores
2025.04.21.20.18.02 INFO  utils.LoggerHandler - Clicked on Add to Basket
2025.04.21.20.18.04 INFO  utils.LoggerHandler - Clicked on CheckOut
2025.04.21.20.18.11 INFO  utils.LoggerHandler - clicked on accept cookies
2025.04.21.20.18.11 INFO  utils.LoggerHandler - Clicked on SearchBar
2025.04.21.20.18.11 INFO  utils.LoggerHandler - Data sent on SearchBar
2025.04.21.20.18.14 INFO  utils.LoggerHandler - Puzzles entered on searchBar
2025.04.21.20.18.14 INFO  utils.LoggerHandler - Clicked on Showmore
2025.04.21.20.18.15 INFO  utils.LoggerHandler - Clicked on jigsaw
2025.04.21.20.18.15 INFO  utils.LoggerHandler - Clicked on Children Games
2025.04.21.20.18.16 INFO  utils.LoggerHandler - Clicked on Discover
2025.04.21.20.18.19 INFO  utils.LoggerHandler - Clicked on First Element
2025.04.21.20.18.20 INFO  utils.LoggerHandler - Clicked on Wishlist
2025.04.21.20.18.22 ERROR utils.LoggerHandler - Text contains Learning
