2025.04.21.18.56.50 INFO  utils.LoggerHandler - click on accept cookies
2025.04.21.18.56.50 INFO  utils.LoggerHandler - Successfully Hover on Brands
2025.04.21.18.56.53 INFO  utils.LoggerHandler - Successfully click on PawPatrol
2025.04.21.18.56.53 INFO  utils.LoggerHandler - verify the url
2025.04.21.18.56.54 INFO  utils.LoggerHandler - Successfully click on Playsets & Action Figures
2025.04.21.18.56.54 INFO  utils.LoggerHandler - Successfully verifed the text Narrow
2025.04.21.18.56.54 INFO  utils.LoggerHandler - Successfully clicked on Savings
2025.04.21.18.57.00 INFO  utils.LoggerHandler - Successfully clicked on Product
2025.04.21.18.57.16 ERROR utils.LoggerHandler - Failed to verify the text.
2025.04.21.18.57.31 INFO  utils.LoggerHandler - Successfully Clicked on Add to Basket
2025.04.21.18.57.47 INFO  utils.LoggerHandler - Succesffully Clicked on CheckOut
2025.04.21.18.58.02 ERROR utils.LoggerHandler - Failed to Verify the text
2025.04.21.18.58.09 INFO  utils.LoggerHandler - click on accept cookies
2025.04.21.18.58.12 INFO  utils.LoggerHandler - scroll down to footer
2025.04.21.18.58.13 INFO  utils.LoggerHandler - verify the about us url
2025.04.21.18.58.16 INFO  utils.LoggerHandler - click on store finder
2025.04.21.18.58.18 INFO  utils.LoggerHandler - verify the store finder url
2025.04.21.18.58.20 INFO  utils.LoggerHandler - click on Press
2025.04.21.18.58.22 INFO  utils.LoggerHandler - verify the press url
2025.04.21.18.58.24 INFO  utils.LoggerHandler - click on Affilates
2025.04.21.18.58.26 INFO  utils.LoggerHandler - verify the affilates url
2025.04.21.18.58.29 INFO  utils.LoggerHandler - click on gift card
2025.04.21.18.58.29 INFO  utils.LoggerHandler - verify the gift card url
2025.04.21.18.58.33 INFO  utils.LoggerHandler - click on klarna
2025.04.21.18.58.35 INFO  utils.LoggerHandler - verify the klarna url
2025.04.21.18.58.36 INFO  utils.LoggerHandler - verify the useful links url
