2025.04.21.20.26.08 INFO  utils.LoggerHandler - clicked on accept cookies
2025.04.21.20.26.09 INFO  utils.LoggerHandler - Hover on Explore
2025.04.21.20.26.11 INFO  utils.LoggerHandler - cliked on Explore
2025.04.21.20.26.11 INFO  utils.LoggerHandler - Url contain gift
2025.04.21.20.26.13 INFO  utils.LoggerHandler - Clicked on Offers
2025.04.21.20.26.13 INFO  utils.LoggerHandler - Text contains stores
2025.04.21.20.26.15 INFO  utils.LoggerHandler - Clicked on HappyLand
2025.04.21.20.26.18 INFO  utils.LoggerHandler - Clicked on First Product
2025.04.21.20.26.18 INFO  utils.LoggerHandler - Text contains stores
2025.04.21.20.26.19 INFO  utils.LoggerHandler - Clicked on Add to Basket
2025.04.21.20.26.21 INFO  utils.LoggerHandler - Clicked on CheckOut
2025.04.21.20.26.28 INFO  utils.LoggerHandler - clicked on accept cookies
2025.04.21.20.26.28 INFO  utils.LoggerHandler - Clicked on SearchBar
2025.04.21.20.26.28 INFO  utils.LoggerHandler - Data sent on SearchBar
2025.04.21.20.26.31 INFO  utils.LoggerHandler - Puzzles entered on searchBar
2025.04.21.20.26.31 INFO  utils.LoggerHandler - Clicked on Showmore
2025.04.21.20.26.31 INFO  utils.LoggerHandler - Clicked on jigsaw
2025.04.21.20.26.31 INFO  utils.LoggerHandler - Clicked on Children Games
2025.04.21.20.26.32 INFO  utils.LoggerHandler - Clicked on Discover
2025.04.21.20.26.35 INFO  utils.LoggerHandler - Clicked on First Element
2025.04.21.20.26.35 INFO  utils.LoggerHandler - Clicked on Wishlist
2025.04.21.20.26.37 INFO  utils.LoggerHandler - Text contains Learning
