2025.04.21.19.32.46 INFO  utils.LoggerHandler - Clicked on Accept Cookies
2025.04.21.19.32.46 INFO  utils.LoggerHandler - Hovered on Shop by age in the navigation bar
2025.04.21.19.32.49 INFO  utils.LoggerHandler - Clicked Newborn Gifts
2025.04.21.19.32.49 INFO  utils.LoggerHandler - Verified URL contains new-born-baby-gift-ideas
2025.04.21.19.32.49 INFO  utils.LoggerHandler - Clicked on Show More under Toy type
2025.04.21.19.32.50 INFO  utils.LoggerHandler - Clicked on Baby Activity Toys
2025.04.21.19.32.51 INFO  utils.LoggerHandler - Clicked on Early Learning Centre under Brands
2025.04.21.19.32.51 INFO  utils.LoggerHandler - Clicked on Hand eye coordination under Learning skills
2025.04.21.19.32.55 INFO  utils.LoggerHandler - Clicked on First product
2025.04.21.19.32.55 INFO  utils.LoggerHandler - Verified text Standard Delivery
2025.04.21.19.32.56 INFO  utils.LoggerHandler - Clicked on Add to Basket
2025.04.21.19.32.59 INFO  utils.LoggerHandler - Clicked on Continue Shopping
2025.04.21.19.32.59 INFO  utils.LoggerHandler - Verified text Standard Home
2025.04.21.19.33.06 INFO  utils.LoggerHandler - Clicked on Accept Cookies
2025.04.21.19.33.07 INFO  utils.LoggerHandler - Hovered on Type of Toy in the navigation bar
2025.04.21.19.33.10 INFO  utils.LoggerHandler - Clicked Soft toys
2025.04.21.19.33.10 INFO  utils.LoggerHandler - Verified URL contains soft-toys
2025.04.21.19.33.11 INFO  utils.LoggerHandler - Clicked on Dolls under Toy type
2025.04.21.19.33.11 INFO  utils.LoggerHandler - Clicked on Soft Toys
2025.04.21.19.33.11 INFO  utils.LoggerHandler - Verified text Brands
2025.04.21.19.33.12 INFO  utils.LoggerHandler - Clicked on Simulating Senses under Learning skills
2025.04.21.19.33.16 INFO  utils.LoggerHandler - Clicked on First product
2025.04.21.19.33.16 INFO  utils.LoggerHandler - Verified text Home Delivery
2025.04.21.19.33.16 INFO  utils.LoggerHandler - Clicked on Add to Basket
2025.04.21.19.33.20 INFO  utils.LoggerHandler - Clicked on Continue Shopping
2025.04.21.19.33.20 INFO  utils.LoggerHandler - Verified text Standard Home
