2025.04.21.19.13.55 INFO  utils.LoggerHandler - click on accept cookies
2025.04.21.19.13.56 INFO  utils.LoggerHandler - Successfully Hover on Brands
2025.04.21.19.13.58 INFO  utils.LoggerHandler - Successfully click on PawPatrol
2025.04.21.19.13.58 INFO  utils.LoggerHandler - verify the url
2025.04.21.19.13.59 INFO  utils.LoggerHandler - Successfully click on Playsets & Action Figures
2025.04.21.19.13.59 INFO  utils.LoggerHandler - Successfully verifed the text Narrow
2025.04.21.19.14.00 INFO  utils.LoggerHandler - Successfully clicked on Savings
2025.04.21.19.14.04 INFO  utils.LoggerHandler - Successfully clicked on Product
2025.04.21.19.14.04 INFO  utils.LoggerHandler - Successfully verifed the text Available
2025.04.21.19.14.05 INFO  utils.LoggerHandler - Successfully Clicked on Add to Basket
2025.04.21.19.14.10 INFO  utils.LoggerHandler - Succesffully Clicked on CheckOut
2025.04.21.19.14.22 ERROR utils.LoggerHandler - Failed to Verify the text
2025.04.21.19.14.29 INFO  utils.LoggerHandler - click on accept cookies
2025.04.21.19.14.31 INFO  utils.LoggerHandler - scroll down to footer
2025.04.21.19.14.33 INFO  utils.LoggerHandler - verify the about us url
2025.04.21.19.14.35 INFO  utils.LoggerHandler - click on store finder
2025.04.21.19.14.38 INFO  utils.LoggerHandler - verify the store finder url
2025.04.21.19.14.40 INFO  utils.LoggerHandler - click on Press
2025.04.21.19.14.42 INFO  utils.LoggerHandler - verify the press url
2025.04.21.19.14.44 INFO  utils.LoggerHandler - click on Affilates
2025.04.21.19.14.46 INFO  utils.LoggerHandler - verify the affilates url
2025.04.21.19.14.49 INFO  utils.LoggerHandler - click on gift card
2025.04.21.19.14.49 INFO  utils.LoggerHandler - verify the gift card url
2025.04.21.19.14.53 INFO  utils.LoggerHandler - click on klarna
2025.04.21.19.14.55 INFO  utils.LoggerHandler - verify the klarna url
2025.04.21.19.14.55 INFO  utils.LoggerHandler - verify the useful links url
