2025.04.21.20.22.44 INFO  utils.LoggerHandler - clicked on accept cookies
2025.04.21.20.22.44 INFO  utils.LoggerHandler - Hover on Explore
2025.04.21.20.22.46 INFO  utils.LoggerHandler - cliked on Explore
2025.04.21.20.22.46 INFO  utils.LoggerHandler - Url contain gift
2025.04.21.20.22.49 INFO  utils.LoggerHandler - Clicked on Offers
2025.04.21.20.22.49 INFO  utils.LoggerHandler - Text contains stores
2025.04.21.20.22.51 INFO  utils.LoggerHandler - Clicked on HappyLand
2025.04.21.20.22.54 INFO  utils.LoggerHandler - Clicked on First Product
2025.04.21.20.22.54 ERROR utils.LoggerHandler - Text contains stores
2025.04.21.20.22.55 INFO  utils.LoggerHandler - Clicked on Add to Basket
2025.04.21.20.22.57 INFO  utils.LoggerHandler - Clicked on CheckOut
2025.04.21.20.23.04 INFO  utils.LoggerHandler - clicked on accept cookies
2025.04.21.20.23.04 INFO  utils.LoggerHandler - Clicked on SearchBar
2025.04.21.20.23.04 INFO  utils.LoggerHandler - Data sent on SearchBar
2025.04.21.20.23.07 INFO  utils.LoggerHandler - Puzzles entered on searchBar
2025.04.21.20.23.07 INFO  utils.LoggerHandler - Clicked on Showmore
2025.04.21.20.23.07 INFO  utils.LoggerHandler - Clicked on jigsaw
2025.04.21.20.23.08 INFO  utils.LoggerHandler - Clicked on Children Games
2025.04.21.20.23.10 INFO  utils.LoggerHandler - Clicked on Discover
2025.04.21.20.23.15 INFO  utils.LoggerHandler - Clicked on First Element
2025.04.21.20.23.30 INFO  utils.LoggerHandler - Clicked on Wishlist
2025.04.21.20.23.31 INFO  utils.LoggerHandler - Text contains Learning
