2025.04.21.17.04.21 INFO  utils.LoggerHandler - Successfully Hover on Brands
2025.04.21.17.04.36 INFO  utils.LoggerHandler - Successfully click on PawPatrol
2025.04.21.17.04.52 INFO  utils.LoggerHandler - Successfully click on Playsets & Action Figures
2025.04.21.17.05.17 INFO  utils.LoggerHandler - Successfully clicked on Savings
2025.04.21.17.05.33 INFO  utils.LoggerHandler - Successfully clicked on Product
2025.04.21.17.06.04 INFO  utils.LoggerHandler - Successfully Clicked on Add to Basket
2025.04.21.17.06.20 INFO  utils.LoggerHandler - Succesffully Clicked on CheckOut
2025.04.21.17.06.42 INFO  utils.LoggerHandler - click on accept cookies
2025.04.21.17.06.45 INFO  utils.LoggerHandler - scroll down to footer
2025.04.21.17.06.47 INFO  utils.LoggerHandler - verify the about us url
2025.04.21.17.06.49 INFO  utils.LoggerHandler - click on store finder
2025.04.21.17.06.51 INFO  utils.LoggerHandler - verify the store finder url
2025.04.21.17.06.53 INFO  utils.LoggerHandler - click on Press
2025.04.21.17.06.55 INFO  utils.LoggerHandler - verify the press url
2025.04.21.17.06.57 INFO  utils.LoggerHandler - click on Affilates
2025.04.21.17.06.58 INFO  utils.LoggerHandler - verify the affilates url
2025.04.21.17.07.00 INFO  utils.LoggerHandler - click on gift card
2025.04.21.17.07.01 INFO  utils.LoggerHandler - verify the gift card url
2025.04.21.17.07.04 INFO  utils.LoggerHandler - click on klarna
2025.04.21.17.07.06 INFO  utils.LoggerHandler - verify the klarna url
2025.04.21.17.07.07 INFO  utils.LoggerHandler - verify the useful links url
