2025.04.21.20.33.30 INFO  utils.LoggerHandler - clicked on accept cookies
2025.04.21.20.33.31 INFO  utils.LoggerHandler - Hover on Explore
2025.04.21.20.33.33 INFO  utils.LoggerHandler - cliked on Explore
2025.04.21.20.33.33 INFO  utils.LoggerHandler - Url contain gift
2025.04.21.20.33.36 INFO  utils.LoggerHandler - Clicked on Offers
2025.04.21.20.33.36 INFO  utils.LoggerHandler - Text contains stores
2025.04.21.20.33.37 INFO  utils.LoggerHandler - Clicked on HappyLand
2025.04.21.20.33.41 INFO  utils.LoggerHandler - Clicked on First Product
2025.04.21.20.33.41 INFO  utils.LoggerHandler - Text contains stores
2025.04.21.20.33.42 INFO  utils.LoggerHandler - Clicked on Add to Basket
2025.04.21.20.33.44 INFO  utils.LoggerHandler - Clicked on CheckOut
2025.04.21.20.33.51 INFO  utils.LoggerHandler - clicked on accept cookies
2025.04.21.20.33.51 INFO  utils.LoggerHandler - Clicked on SearchBar
2025.04.21.20.33.51 INFO  utils.LoggerHandler - Data sent on SearchBar
2025.04.21.20.33.54 INFO  utils.LoggerHandler - Puzzles entered on searchBar
2025.04.21.20.33.54 INFO  utils.LoggerHandler - Clicked on Showmore
2025.04.21.20.33.54 INFO  utils.LoggerHandler - Clicked on jigsaw
2025.04.21.20.33.55 INFO  utils.LoggerHandler - Clicked on Children Games
2025.04.21.20.33.56 INFO  utils.LoggerHandler - Clicked on Discover
2025.04.21.20.34.01 INFO  utils.LoggerHandler - Clicked on First Element
2025.04.21.20.34.17 INFO  utils.LoggerHandler - Clicked on Wishlist
2025.04.21.20.34.17 INFO  utils.LoggerHandler - Text contains Learning
