2025.04.21.18.44.27 INFO  utils.LoggerHandler - Clicked on Accept Cookies
2025.04.21.18.44.28 INFO  utils.LoggerHandler - Hovered on Shop by age in the navigation bar
2025.04.21.18.44.30 INFO  utils.LoggerHandler - Clicked Newborn Gifts
2025.04.21.18.44.30 INFO  utils.LoggerHandler - Verified URL contains new-born-baby-gift-ideas
2025.04.21.18.44.30 INFO  utils.LoggerHandler - Clicked on Show More under Toy type
2025.04.21.18.44.31 INFO  utils.LoggerHandler - Clicked on Baby Activity Toys
2025.04.21.18.44.31 INFO  utils.LoggerHandler - Clicked on Early Learning Centre under Brands
2025.04.21.18.44.32 INFO  utils.LoggerHandler - Clicked on Hand eye coordination under Learning skills
2025.04.21.18.44.35 INFO  utils.LoggerHandler - Clicked on First product
2025.04.21.18.44.35 INFO  utils.LoggerHandler - Verified text Standard Delivery
2025.04.21.18.44.36 INFO  utils.LoggerHandler - Clicked on Add to Basket
2025.04.21.18.44.38 INFO  utils.LoggerHandler - Clicked on Continue Shopping
2025.04.21.18.44.39 INFO  utils.LoggerHandler - Verified text Standard Home
2025.04.21.18.44.44 INFO  utils.LoggerHandler - Clicked on Accept Cookies
2025.04.21.18.44.45 INFO  utils.LoggerHandler - Verified logo
2025.04.21.18.44.45 INFO  utils.LoggerHandler - Hovered on Type of Toy in the navigation bar
2025.04.21.18.44.47 INFO  utils.LoggerHandler - Clicked Soft toys
2025.04.21.18.44.47 INFO  utils.LoggerHandler - Verified URL contains soft-toys
2025.04.21.18.44.48 INFO  utils.LoggerHandler - Clicked on Dolls under Toy type
2025.04.21.18.44.48 INFO  utils.LoggerHandler - Clicked on Soft Toys
2025.04.21.18.44.48 INFO  utils.LoggerHandler - Verified text Brands
2025.04.21.18.44.49 INFO  utils.LoggerHandler - Clicked on Simulating Senses under Learning skills
2025.04.21.18.44.52 INFO  utils.LoggerHandler - Clicked on First product
2025.04.21.18.44.52 INFO  utils.LoggerHandler - Verified text Home Delivery
2025.04.21.18.44.53 INFO  utils.LoggerHandler - Clicked on Add to Basket
2025.04.21.18.44.55 INFO  utils.LoggerHandler - Clicked on Continue Shopping
2025.04.21.18.44.56 INFO  utils.LoggerHandler - Verified text Standard Home
