2025.04.21.19.15.17 INFO  utils.LoggerHandler - click on accept cookies
2025.04.21.19.15.18 INFO  utils.LoggerHandler - Successfully Hover on Brands
2025.04.21.19.15.21 INFO  utils.LoggerHandler - Successfully click on PawPatrol
2025.04.21.19.15.21 INFO  utils.LoggerHandler - verify the url
2025.04.21.19.15.21 INFO  utils.LoggerHandler - Successfully click on Playsets & Action Figures
2025.04.21.19.15.21 INFO  utils.LoggerHandler - Successfully verifed the text Narrow
2025.04.21.19.15.22 INFO  utils.LoggerHandler - Successfully clicked on Savings
2025.04.21.19.15.26 INFO  utils.LoggerHandler - Successfully clicked on Product
2025.04.21.19.15.26 INFO  utils.LoggerHandler - Successfully verifed the text Available
2025.04.21.19.15.26 INFO  utils.LoggerHandler - Successfully Clicked on Add to Basket
2025.04.21.19.15.29 INFO  utils.LoggerHandler - Succesffully Clicked on CheckOut
2025.04.21.19.15.31 INFO  utils.LoggerHandler - Successfully verifed the text Basket
2025.04.21.19.15.38 INFO  utils.LoggerHandler - click on accept cookies
2025.04.21.19.15.44 INFO  utils.LoggerHandler - scroll down to footer
2025.04.21.19.15.54 INFO  utils.LoggerHandler - click on store finder
2025.04.21.19.15.55 INFO  utils.LoggerHandler - verify the store finder url
2025.04.21.19.15.57 INFO  utils.LoggerHandler - click on Press
2025.04.21.19.15.59 INFO  utils.LoggerHandler - verify the press url
2025.04.21.19.16.01 INFO  utils.LoggerHandler - click on Affilates
2025.04.21.19.16.03 INFO  utils.LoggerHandler - verify the affilates url
2025.04.21.19.16.05 INFO  utils.LoggerHandler - click on gift card
2025.04.21.19.16.06 INFO  utils.LoggerHandler - verify the gift card url
2025.04.21.19.16.09 INFO  utils.LoggerHandler - click on klarna
2025.04.21.19.16.11 INFO  utils.LoggerHandler - verify the klarna url
2025.04.21.19.16.11 INFO  utils.LoggerHandler - verify the useful links url
